app/build/intermediates/manifest_merge_blame_file/debug/manifest-merger-blame-debug-report.txt
1<?xml version="1.0" encoding="utf-8"?>
2<manifest xmlns:android="http://schemas.android.com/apk/res/android"
3    package="com.example.uhf"
4    android:versionCode="1"
5    android:versionName="1.3.3" >
6
7    <uses-sdk
8        android:minSdkVersion="19"
8-->src\main\AndroidManifest.xml
9        android:targetSdkVersion="33" />
9-->src\main\AndroidManifest.xml
10
11    <uses-permission android:name="android.permission.READ_EXTERNAL_STORAGE" />
11-->src\main\AndroidManifest.xml:7:5-80
11-->src\main\AndroidManifest.xml:7:22-77
12    <uses-permission android:name="android.permission.WRITE_EXTERNAL_STORAGE" />
12-->src\main\AndroidManifest.xml:8:5-81
12-->src\main\AndroidManifest.xml:8:22-78
13    <uses-permission android:name="android.permission.MANAGE_EXTERNAL_STORAGE" />
13-->src\main\AndroidManifest.xml:9:5-82
13-->src\main\AndroidManifest.xml:9:22-79
14    <uses-permission android:name="android.permission.ACCESS_NETWORK_STATE" />
14-->[DeviceAPI_ver20220518_release.aar] AndroidManifest.xml:11:5-79
14-->[DeviceAPI_ver20220518_release.aar] AndroidManifest.xml:11:22-76
15    <uses-permission android:name="android.permission.BLUETOOTH_ADMIN" />
15-->[DeviceAPI_ver20220518_release.aar] AndroidManifest.xml:12:5-74
15-->[DeviceAPI_ver20220518_release.aar] AndroidManifest.xml:12:22-71
16    <uses-permission android:name="android.permission.CAMERA" />
16-->[DeviceAPI_ver20220518_release.aar] AndroidManifest.xml:13:5-65
16-->[DeviceAPI_ver20220518_release.aar] AndroidManifest.xml:13:22-62
17    <uses-permission android:name="android.permission.CHANGE_WIFI_STATE" />
17-->[DeviceAPI_ver20220518_release.aar] AndroidManifest.xml:14:5-76
17-->[DeviceAPI_ver20220518_release.aar] AndroidManifest.xml:14:22-73
18
19    <application
19-->src\main\AndroidManifest.xml:11:5-62:19
20        android:name="androidx.multidex.MultiDexApplication"
21        android:allowBackup="true"
21-->src\main\AndroidManifest.xml:12:9-35
22        android:appComponentFactory="androidx.core.app.CoreComponentFactory"
22-->[androidx.core:core:1.5.0] AndroidManifest.xml:24:18-86
23        android:debuggable="true"
24        android:icon="@drawable/logo"
24-->src\main\AndroidManifest.xml:13:9-38
25        android:label="@string/app_name"
25-->src\main\AndroidManifest.xml:16:9-41
26        android:testOnly="true"
27        android:theme="@style/Theme.AppCompat.Light" >
27-->src\main\AndroidManifest.xml:14:9-53
28    >
29        <activity
29-->src\main\AndroidManifest.xml:20:9-23:40
30            android:name="com.example.uhf.MainFragmentHolder"
30-->src\main\AndroidManifest.xml:21:13-47
31            android:exported="false"
31-->src\main\AndroidManifest.xml:23:13-37
32            android:theme="@style/Theme.AppCompat.Light" />
32-->src\main\AndroidManifest.xml:22:13-57
33        <activity
33-->src\main\AndroidManifest.xml:24:9-26:40
34            android:name="com.example.uhf.EntryInitial"
34-->src\main\AndroidManifest.xml:25:13-41
35            android:exported="false" />
35-->src\main\AndroidManifest.xml:26:13-37
36        <activity
36-->src\main\AndroidManifest.xml:27:9-29:40
37            android:name="com.example.uhf.Entry"
37-->src\main\AndroidManifest.xml:28:13-34
38            android:exported="false" />
38-->src\main\AndroidManifest.xml:29:13-37
39        <activity
39-->src\main\AndroidManifest.xml:30:9-39:20
40            android:name="com.example.uhf.ui.login.LoginActivityMain"
40-->src\main\AndroidManifest.xml:31:13-55
41            android:exported="true"
41-->src\main\AndroidManifest.xml:33:13-36
42            android:label="@string/title_activity_login" >
42-->src\main\AndroidManifest.xml:32:13-57
43            <intent-filter>
43-->src\main\AndroidManifest.xml:34:13-38:29
44                <action android:name="android.intent.action.MAIN" />
44-->src\main\AndroidManifest.xml:35:17-69
44-->src\main\AndroidManifest.xml:35:25-66
45
46                <category android:name="android.intent.category.LAUNCHER" />
46-->src\main\AndroidManifest.xml:37:17-77
46-->src\main\AndroidManifest.xml:37:27-74
47            </intent-filter>
48        </activity>
49        <activity
49-->src\main\AndroidManifest.xml:40:9-53:20
50            android:name="com.example.uhf.activity.UHFMainActivity"
50-->src\main\AndroidManifest.xml:41:13-53
51            android:configChanges="orientation|screenSize"
51-->src\main\AndroidManifest.xml:42:13-59
52            android:label="@string/app_name"
52-->src\main\AndroidManifest.xml:43:13-45
53            android:screenOrientation="portrait" >
53-->src\main\AndroidManifest.xml:44:13-49
54
55            <!--
56            <intent-filter>
57                <action android:name="android.intent.action.MAIN" />
58
59                <category android:name="android.intent.category.LAUNCHER" />
60            </intent-filter>
61            -->
62        </activity>
63
64        <receiver android:name="com.example.uhf.BootBroadcastReceiver" >
64-->src\main\AndroidManifest.xml:55:9-61:20
64-->src\main\AndroidManifest.xml:55:19-56
65            <intent-filter android:priority="1000" >
65-->src\main\AndroidManifest.xml:56:13-60:29
65-->src\main\AndroidManifest.xml:56:28-51
66                <action android:name="android.intent.action.BOOT_COMPLETED" />
66-->src\main\AndroidManifest.xml:57:17-79
66-->src\main\AndroidManifest.xml:57:25-76
67
68                <category android:name="android.intent.category.LAUNCHER" />
68-->src\main\AndroidManifest.xml:37:17-77
68-->src\main\AndroidManifest.xml:37:27-74
69            </intent-filter>
70        </receiver>
71
72        <service
72-->[androidx.room:room-runtime:2.4.1] AndroidManifest.xml:25:9-28:40
73            android:name="androidx.room.MultiInstanceInvalidationService"
73-->[androidx.room:room-runtime:2.4.1] AndroidManifest.xml:26:13-74
74            android:directBootAware="true"
74-->[androidx.room:room-runtime:2.4.1] AndroidManifest.xml:27:13-43
75            android:exported="false" />
75-->[androidx.room:room-runtime:2.4.1] AndroidManifest.xml:28:13-37
76
77        <provider
77-->[androidx.lifecycle:lifecycle-process:2.0.0] AndroidManifest.xml:23:9-27:43
78            android:name="androidx.lifecycle.ProcessLifecycleOwnerInitializer"
78-->[androidx.lifecycle:lifecycle-process:2.0.0] AndroidManifest.xml:24:13-79
79            android:authorities="com.example.uhf.lifecycle-process"
79-->[androidx.lifecycle:lifecycle-process:2.0.0] AndroidManifest.xml:25:13-69
80            android:exported="false"
80-->[androidx.lifecycle:lifecycle-process:2.0.0] AndroidManifest.xml:26:13-37
81            android:multiprocess="true" />
81-->[androidx.lifecycle:lifecycle-process:2.0.0] AndroidManifest.xml:27:13-40
82    </application>
83
84</manifest>